           _                 _    
  __ _  __| |_ __ __ _ _ __ | |_  
 / _` |/ _` | '__/ _` | '_ \| __| 
| (_| | (_| | | | (_| | | | | |_  
 \__, |\__,_|_|  \__,_|_| |_|\__| 
    |_|                           

Version: 1.11.4, build: d8b6e4a0
Access web UI at http://localhost:6333/dashboard

2024-09-24T06:36:23.552370Z  INFO storage::content_manager::consensus::persistent: Loading raft state from ./storage/raft_state.json    
2024-09-24T06:36:23.552450Z DEBUG storage::content_manager::consensus::persistent: State: Persistent { state: RaftState { hard_state: HardState { term: 0, vote: 0, commit: 0 }, conf_state: ConfState { voters: [5560463614850434], learners: [], voters_outgoing: [], learners_next: [], auto_leave: false } }, latest_snapshot_meta: SnapshotMetadataSer { term: 0, index: 0 }, apply_progress_queue: EntryApplyProgressQueue(None), peer_address_by_id: RwLock { data: {} }, peer_metadata_by_id: RwLock { data: {} }, cluster_metadata: {}, this_peer_id: 5560463614850434, path: "./storage/raft_state.json", dirty: false }    
2024-09-24T06:36:23.576936Z  INFO storage::content_manager::toc: Loading collection: default    
2024-09-24T06:36:23.727414Z  INFO collection::shards::local_shard: Recovering collection default: 0/1 (0%)    
2024-09-24T06:36:23.763104Z  INFO collection::shards::local_shard: Recovered collection default: 1/1 (100%)    
2024-09-24T06:36:23.765877Z DEBUG qdrant: Loaded collection: default    
2024-09-24T06:36:23.765891Z  INFO qdrant: Distributed mode disabled    
2024-09-24T06:36:23.765902Z  INFO qdrant: Telemetry reporting disabled    
2024-09-24T06:36:23.766287Z DEBUG qdrant: Waiting for thread web to finish    
2024-09-24T06:36:23.766512Z  WARN qdrant::actix::web_ui: Static content folder for Web UI './static' does not exist    
2024-09-24T06:36:23.766793Z  INFO qdrant::actix: TLS disabled for REST API    
2024-09-24T06:36:23.766835Z  INFO qdrant::actix: Qdrant HTTP listening on 6333    
2024-09-24T06:36:23.766843Z  INFO actix_server::builder: Starting 11 workers
2024-09-24T06:36:23.766850Z  INFO actix_server::server: Actix runtime found; starting in Actix runtime
2024-09-24T06:36:23.768903Z  INFO qdrant::tonic: Qdrant gRPC listening on 6334    
2024-09-24T06:36:23.768919Z  INFO qdrant::tonic: TLS disabled for gRPC API    
2024-09-24T06:36:33.555823Z  INFO storage::content_manager::toc::collection_meta_ops: Deleting collection default    
2024-09-24T06:36:33.556370Z DEBUG collection::update_handler: Stopping flush worker.    
2024-09-24T06:36:33.562806Z  INFO actix_web::middleware::logger: 127.0.0.1 "DELETE /collections/default HTTP/1.1" 200 48 "-" "curl/7.81.0" 0.007059    
2024-09-24T06:36:57.598357Z DEBUG storage::content_manager::snapshots::recover: Downloading snapshot from file:///home/san/gaianet/qdrant/snapshots/default/default.snapshot to /home/san/gaianet/qdrant/./snapshots/tmp/download-OepGnA    
2024-09-24T06:36:57.598387Z DEBUG storage::content_manager::snapshots::recover: Snapshot downloaded to /home/san/gaianet/qdrant/snapshots/default/default.snapshot    
2024-09-24T06:36:57.598539Z DEBUG storage::content_manager::snapshots::recover: Recovering collection default from snapshot /home/san/gaianet/qdrant/snapshots/default/default.snapshot    
2024-09-24T06:36:57.598612Z DEBUG storage::content_manager::snapshots::recover: Unpacking snapshot to /home/san/gaianet/qdrant/./storage/tmp/col-default-recovery-UQVh57    
2024-09-24T06:36:58.552760Z DEBUG storage::content_manager::snapshots::recover: Collection default does not exist, creating it    
2024-09-24T06:36:58.552794Z  INFO storage::content_manager::toc::collection_meta_ops: Creating collection default    
2024-09-24T06:36:58.760864Z DEBUG collection::collection: Changing shard default:0 replica state from Some(Initializing) to Active    
2024-09-24T06:36:58.760886Z DEBUG collection::shards::replica_set: Changing local shard default:0 state from Some(Initializing) to Active    
2024-09-24T06:36:58.764593Z DEBUG storage::content_manager::snapshots::recover: Recovering shard 0 from /home/san/gaianet/qdrant/./storage/tmp/col-default-recovery-UQVh57/0    
2024-09-24T06:36:58.764865Z DEBUG collection::update_handler: Stopping flush worker.    
2024-09-24T06:36:58.917240Z  INFO collection::shards::local_shard: Recovering collection default: 0/20 (0%)    
2024-09-24T06:36:58.967878Z  INFO collection::shards::local_shard: Recovered collection default: 20/20 (100%)    
2024-09-24T06:36:58.969326Z DEBUG storage::content_manager::snapshots::recover: Activating shard 0 of collection default locally    
2024-09-24T06:36:58.969347Z DEBUG collection::collection: Changing shard default:0 replica state from Some(Active) to Active    
2024-09-24T06:36:58.969355Z DEBUG collection::shards::replica_set: Changing local shard default:0 state from Some(Active) to Active    
2024-09-24T06:36:58.973381Z  INFO actix_web::middleware::logger: 127.0.0.1 "POST /collections/default/snapshots/upload?priority=snapshot HTTP/1.1" 200 47 "-" "curl/7.81.0" 1.699273    
2024-09-24T06:37:04.000159Z  INFO actix_server::server: SIGTERM received; starting graceful shutdown
2024-09-24T06:37:04.000160Z DEBUG qdrant::tonic: Stopping gRPC service on SIGTERM    
2024-09-24T06:37:04.000243Z  INFO actix_server::worker: Shutting down idle worker
2024-09-24T06:37:04.000250Z  INFO actix_server::worker: Shutting down idle worker
2024-09-24T06:37:04.000259Z DEBUG actix_server::accept: Paused accepting connections on 127.0.0.1:6333
2024-09-24T06:37:04.000267Z  INFO actix_server::worker: Shutting down idle worker
2024-09-24T06:37:04.000274Z  INFO actix_server::accept: Accept thread stopped
2024-09-24T06:37:04.000287Z  INFO actix_server::worker: Shutting down idle worker
2024-09-24T06:37:04.000311Z  INFO actix_server::worker: Shutting down idle worker
2024-09-24T06:37:04.000353Z  INFO actix_server::worker: Shutting down idle worker
2024-09-24T06:37:04.000361Z  INFO actix_server::worker: Shutting down idle worker
2024-09-24T06:37:04.000356Z  INFO actix_server::worker: Shutting down idle worker
2024-09-24T06:37:04.000380Z  INFO actix_server::worker: Shutting down idle worker
2024-09-24T06:37:04.000364Z  INFO actix_server::worker: Shutting down idle worker
2024-09-24T06:37:04.000408Z  INFO actix_server::worker: Shutting down idle worker
2024-09-24T06:37:04.302717Z DEBUG qdrant: Waiting for thread grpc to finish    
2024-09-24T06:37:04.303320Z DEBUG collection::update_handler: Stopping flush worker.    
